<?xml version="1.0" encoding="UTF-8"?>
<!-- Generated by org.testng.reporters.JUnitReportReporter -->
<testsuite hostname="DESKTOP-80JECKR" name="com.framework.pom.test.SimpleInputFormTest" tests="1" failures="0" timestamp="25 Dec 2019 12:21:11 GMT" time="27.070" errors="0">
  <testcase name="SimpleInputForm" time="27.070" classname="com.framework.pom.test.SimpleInputFormTest"/>
</testsuite> <!-- com.framework.pom.test.SimpleInputFormTest -->
