<?xml version="1.0" encoding="UTF-8"?>
<!-- Generated by org.testng.reporters.JUnitReportReporter -->
<testsuite hostname="DESKTOP-80JECKR" name="com.framework.pom.test.ValidateHomePageTest" tests="2" failures="0" timestamp="25 Dec 2019 12:21:11 GMT" time="65.873" errors="0">
  <testcase name="validateHomePage" time="33.462" classname="com.framework.pom.test.ValidateHomePageTest"/>
  <testcase name="validateHomePage" time="32.411" classname="com.framework.pom.test.ValidateHomePageTest"/>
</testsuite> <!-- com.framework.pom.test.ValidateHomePageTest -->
